2025-08-15 15:04:05,583 | INFO | root:84 | Transformed 'form':['S'] to 1;['D'] to 0
2025-08-15 15:04:06,245 | INFO | root:120 | Seasonality check for 'scaled_area' recommended. Durbin-Watson: 0.13708749008002752
2025-08-15 15:04:06,247 | INFO | root:120 | Seasonality check for 'scaled_ar' recommended. Durbin-Watson: 0.16078286578474874
2025-08-15 15:04:06,249 | INFO | root:120 | Seasonality check for 'scaled_latcent' recommended. Durbin-Watson: 0.17422378803085456
2025-08-15 15:04:06,250 | INFO | root:120 | Seasonality check for 'scaled_u' recommended. Durbin-Watson: 0.07159993184204833
2025-08-15 15:04:16,780 | INFO | root:207 | Averages per class:
   scaled_ar  scaled_latcent  eeof_scaled_u
y                                          
0  -0.243758        0.328465       0.240998
1   2.929202        0.059797      -0.941635
2   0.221981       -1.666575      -0.595551
2025-08-15 15:04:17,897 | INFO | __main__:29 | ----------------------------------------------
2025-08-15 15:04:17,897 | INFO | __main__:29 | Comparison of Percentages:  y (predicted: 1) vs form (ground truth: 1)
2025-08-15 15:04:17,910 | INFO | __main__:29 | y        0    1     2    All
2025-08-15 15:04:17,910 | INFO | __main__:29 | form
2025-08-15 15:04:17,910 | INFO | __main__:29 | 0     77.7  0.3  16.2   94.2
2025-08-15 15:04:17,910 | INFO | __main__:29 | 1      0.1  5.6   0.1    5.8
2025-08-15 15:04:17,910 | INFO | __main__:29 | All   77.8  5.9  16.3  100.0
2025-08-15 15:04:17,911 | INFO | __main__:29 | Accuracy: 1.0
2025-08-15 15:04:17,911 | INFO | __main__:29 | Precision: 0.95
2025-08-15 15:04:17,911 | INFO | __main__:29 | Recall: 0.97
2025-08-15 15:04:17,911 | INFO | __main__:29 | F1 Score: 0.96
