2025-08-14 15:03:14,872 | INFO | root:84 | Transformed 'form':['S'] to 1;['D'] to 0
2025-08-14 15:03:15,388 | INFO | root:119 | Seasonality check for 'scaled_area' recommended. Durbin-Watson: 0.13708749008002752
2025-08-14 15:03:15,390 | INFO | root:119 | Seasonality check for 'scaled_ar' recommended. Durbin-Watson: 0.16078286578474874
2025-08-14 15:03:15,391 | INFO | root:119 | Seasonality check for 'scaled_latcent' recommended. Durbin-Watson: 0.17422378803085456
2025-08-14 15:03:15,392 | INFO | root:119 | Seasonality check for 'scaled_u' recommended. Durbin-Watson: 0.07159993184204833
2025-08-14 15:03:23,007 | INFO | root:198 | Averages per class:
   scaled_ar  scaled_latcent  eeof_scaled_u
y                                          
0  -0.243758        0.328465       0.240999
1   2.929202        0.059797      -0.941633
2   0.221981       -1.666575      -0.595547
2025-08-14 15:03:23,980 | INFO | __main__:29 | ----------------------------------------------
2025-08-14 15:03:23,980 | INFO | __main__:29 | Comparison of Percentages:  y (predicted: 1) vs form (ground truth: 1)
2025-08-14 15:03:23,993 | INFO | __main__:29 | y        0    1     2    All
2025-08-14 15:03:23,993 | INFO | __main__:29 | form
2025-08-14 15:03:23,993 | INFO | __main__:29 | 0     77.7  0.3  16.2   94.2
2025-08-14 15:03:23,993 | INFO | __main__:29 | 1      0.1  5.6   0.1    5.8
2025-08-14 15:03:23,994 | INFO | __main__:29 | All   77.8  5.9  16.3  100.0
2025-08-14 15:03:23,994 | INFO | __main__:29 | Accuracy: 1.0
2025-08-14 15:03:23,994 | INFO | __main__:29 | Precision: 0.95
2025-08-14 15:03:23,994 | INFO | __main__:29 | Recall: 0.97
2025-08-14 15:03:23,994 | INFO | __main__:29 | F1 Score: 0.96
